<?xml version="1.0" encoding="UTF-8" ?>
<testsuite tests="10" failures="1" name="calculator.RunCucumberTest" time="0.146" errors="0" skipped="0">
  <properties>
    <property name="JOB_NAME" value="Cucumber Proj (Maven)"/>
    <property name="java.vendor" value="Oracle Corporation"/>
    <property name="sun.java.launcher" value="SUN_STANDARD"/>
    <property name="RUN_TESTS_DISPLAY_URL" value="http://localhost:8080/job/Cucumber%20Proj%20(Maven)/9/display/redirect?page=tests"/>
    <property name="NUMBER_OF_PROCESSORS" value="8"/>
    <property name="sun.management.compiler" value="HotSpot 64-Bit Tiered Compilers"/>
    <property name="JENKINS_HOME" value="C:\Users\barathia\.jenkins"/>
    <property name="FPS_BROWSER_USER_PROFILE_STRING" value="Default"/>
    <property name="HUDSON_SERVER_COOKIE" value="9330fcbd0349ed54"/>
    <property name="POM_ARTIFACTID" value="calculator"/>
    <property name="os.name" value="Windows 10"/>
    <property name="EXECUTOR_NUMBER" value="0"/>
    <property name="PATHEXT" value=".COM;.EXE;.BAT;.CMD;.VBS;.VBE;.JS;.JSE;.WSF;.WSH;.MSC"/>
    <property name="POM_DISPLAYNAME" value="calculator"/>
    <property name="java.vm.specification.vendor" value="Oracle Corporation"/>
    <property name="TEMP" value="C:\Users\barathia\AppData\Local\Temp"/>
    <property name="NODE_LABELS" value="built-in"/>
    <property name="java.runtime.version" value="17.0.4.1+1-LTS-2"/>
    <property name="IntelliJ IDEA Community Edition" value="C:\Program Files\JetBrains\IntelliJ IDEA Community Edition 2022.2.2\bin;"/>
    <property name="FPS_BROWSER_APP_PROFILE_STRING" value="Internet Explorer"/>
    <property name="user.name" value="barathia"/>
    <property name="guice.disable.misplaced.annotation.check" value="true"/>
    <property name="CommonProgramW6432" value="C:\Program Files\Common Files"/>
    <property name="ProgramFiles" value="C:\Program Files"/>
    <property name="PROMPT" value="$P$G"/>
    <property name="user.language" value="en"/>
    <property name="JOB_BASE_NAME" value="Cucumber Proj (Maven)"/>
    <property name="RUN_CHANGES_DISPLAY_URL" value="http://localhost:8080/job/Cucumber%20Proj%20(Maven)/9/display/redirect?page=changes"/>
    <property name="BUILD_DISPLAY_NAME" value="#9"/>
    <property name="OneDrive" value="C:\Users\barathia\OneDrive"/>
    <property name="sun.boot.library.path" value="C:\Program Files\Java\jdk-17.0.4.1\bin"/>
    <property name="java.vm.compressedOopsMode" value="Zero based"/>
    <property name="LOCALAPPDATA" value="C:\Users\barathia\AppData\Local"/>
    <property name="java.version" value="17.0.4.1"/>
    <property name="user.timezone" value="America/Los_Angeles"/>
    <property name="PROCESSOR_LEVEL" value="6"/>
    <property name="USERNAME" value="barathia"/>
    <property name="sun.arch.data.model" value="64"/>
    <property name="NODE_NAME" value="built-in"/>
    <property name="BUILD_ID" value="9"/>
    <property name="sun.cpu.isalist" value="amd64"/>
    <property name="sun.jnu.encoding" value="Cp1252"/>
    <property name="maven.conf" value="C:\Program Files\JetBrains\IntelliJ IDEA Community Edition 2022.2.2\plugins\maven\lib\maven3\conf"/>
    <property name="HOMEDRIVE" value="C:"/>
    <property name="file.separator" value="\"/>
    <property name="java.specification.name" value="Java Platform API Specification"/>
    <property name="java.class.version" value="61.0"/>
    <property name="=::" value="::\"/>
    <property name="org.slf4j.simpleLogger.defaultLogLevel" value="info"/>
    <property name="user.country" value="US"/>
    <property name="ALLUSERSPROFILE" value="C:\ProgramData"/>
    <property name="java.home" value="C:\Program Files\Java\jdk-17.0.4.1"/>
    <property name="java.vm.info" value="mixed mode, sharing"/>
    <property name="os.version" value="10.0"/>
    <property name="=ExitCode" value="C000013A"/>
    <property name="RUN_DISPLAY_URL" value="http://localhost:8080/job/Cucumber%20Proj%20(Maven)/9/display/redirect"/>
    <property name="POM_VERSION" value="1.0.0-SNAPSHOT"/>
    <property name="TMP" value="C:\Users\barathia\AppData\Local\Temp"/>
    <property name="path.separator" value=";"/>
    <property name="RUN_ARTIFACTS_DISPLAY_URL" value="http://localhost:8080/job/Cucumber%20Proj%20(Maven)/9/display/redirect?page=artifacts"/>
    <property name="java.vm.version" value="17.0.4.1+1-LTS-2"/>
    <property name="user.variant" value=""/>
    <property name="CommonProgramFiles(x86)" value="C:\Program Files (x86)\Common Files"/>
    <property name="JOB_DISPLAY_URL" value="http://localhost:8080/job/Cucumber%20Proj%20(Maven)/display/redirect"/>
    <property name="USERDOMAIN_ROAMINGPROFILE" value="GOLIGHTHOUSE"/>
    <property name="CommonProgramFiles" value="C:\Program Files\Common Files"/>
    <property name="sun.io.unicode.encoding" value="UnicodeLittle"/>
    <property name="JAVA_HOME" value="C:\Program Files\Java\jdk-17.0.4.1"/>
    <property name="ComSpec" value="C:\Windows\system32\cmd.exe"/>
    <property name="USERDNSDOMAIN" value="GOLIGHTHOUSE.LAN"/>
    <property name="HOMEPATH" value="\Users\barathia"/>
    <property name="POM_PACKAGING" value="jar"/>
    <property name="COMPUTERNAME" value="SJC-BARATHIA"/>
    <property name="user.script" value=""/>
    <property name="POM_GROUPID" value="xray"/>
    <property name="user.home" value="C:\Users\barathia"/>
    <property name="PUBLIC" value="C:\Users\Public"/>
    <property name="BUILD_TAG" value="jenkins-Cucumber Proj (Maven)-9"/>
    <property name="JENKINS_SERVER_COOKIE" value="9330fcbd0349ed54"/>
    <property name="HUDSON_URL" value="http://localhost:8080/"/>
    <property name="ProgramData" value="C:\ProgramData"/>
    <property name="java.version.date" value="2022-08-18"/>
    <property name="java.specification.vendor" value="Oracle Corporation"/>
    <property name="USERPROFILE" value="C:\Users\barathia"/>
    <property name="CLASSPATH" value=""/>
    <property name="java.library.path" value="C:\Program Files\Java\jdk-17.0.4.1\bin;C:\Windows\Sun\Java\bin;C:\Windows\system32;C:\Windows;C:\Program Files\JetBrains\IntelliJ IDEA Community Edition 2022.2.2\plugins\maven\lib\maven3/bin;C:\Program Files\Java\jdk-17.0.4.1/bin;C:\Program Files\Java\jdk-17.0.4.1/bin;C:\Program Files\Common Files\Oracle\Java\javapath;C:\Program Files (x86)\Common Files\Oracle\Java\javapath;C:\Windows\system32;C:\Windows;C:\Windows\System32\Wbem;C:\Windows\System32\WindowsPowerShell\v1.0\;C:\Windows\System32\OpenSSH\;C:\Program Files (x86)\Mitel\Connect\;C:\Program Files\PuTTY\;C:\Program Files\Git\cmd;C:\Program Files\Java\jdk-17.0.4.1\bin;C:\Program Files\JetBrains\IntelliJ IDEA Community Edition 2022.2.2\plugins\maven\lib\maven3\bin;C:\Users\barathia\AppData\Local\Programs\Python\Python310\Scripts\;C:\Users\barathia\AppData\Local\Programs\Python\Python310\; C:/Users/barathia/AppData/Local/Programs/Python/;C:\Program Files\JetBrains\IntelliJ IDEA Community Edition 2022.2.2\bin;;."/>
    <property name="java.vendor.url" value="https://java.oracle.com/"/>
    <property name="java.vm.vendor" value="Oracle Corporation"/>
    <property name="APPDATA" value="C:\Users\barathia\AppData\Roaming"/>
    <property name="ZES_ENABLE_SYSMAN" value="1"/>
    <property name="java.runtime.name" value="Java(TM) SE Runtime Environment"/>
    <property name="maven.home" value="C:\Program Files\JetBrains\IntelliJ IDEA Community Edition 2022.2.2\plugins\maven\lib\maven3"/>
    <property name="java.class.path" value="C:\Users\barathia\.jenkins\plugins\maven-plugin\WEB-INF\lib\maven35-agent-1.14.jar;C:\Program Files\JetBrains\IntelliJ IDEA Community Edition 2022.2.2\plugins\maven\lib\maven3\boot\plexus-classworlds-2.6.0.jar;C:\Program Files\JetBrains\IntelliJ IDEA Community Edition 2022.2.2\plugins\maven\lib\maven3/conf/logging"/>
    <property name="sun.java.command" value="jenkins.maven3.agent.Maven35Main C:\Program Files\JetBrains\IntelliJ IDEA Community Edition 2022.2.2\plugins\maven\lib\maven3 C:\Users\barathia\.jenkins\war\WEB-INF\lib\remoting-3107.v665000b_51092.jar C:\Users\barathia\.jenkins\plugins\maven-plugin\WEB-INF\lib\maven35-interceptor-1.14.jar C:\Users\barathia\.jenkins\plugins\maven-plugin\WEB-INF\lib\maven3-interceptor-commons-1.14.jar 64460"/>
    <property name="native.encoding" value="Cp1252"/>
    <property name="Path" value="C:\Program Files\Java\jdk-17.0.4.1/bin;C:\Program Files\Common Files\Oracle\Java\javapath;C:\Program Files (x86)\Common Files\Oracle\Java\javapath;C:\Windows\system32;C:\Windows;C:\Windows\System32\Wbem;C:\Windows\System32\WindowsPowerShell\v1.0\;C:\Windows\System32\OpenSSH\;C:\Program Files (x86)\Mitel\Connect\;C:\Program Files\PuTTY\;C:\Program Files\Git\cmd;C:\Program Files\Java\jdk-17.0.4.1\bin;C:\Program Files\JetBrains\IntelliJ IDEA Community Edition 2022.2.2\plugins\maven\lib\maven3\bin;C:\Users\barathia\AppData\Local\Programs\Python\Python310\Scripts\;C:\Users\barathia\AppData\Local\Programs\Python\Python310\; C:/Users/barathia/AppData/Local/Programs/Python/;C:\Program Files\JetBrains\IntelliJ IDEA Community Edition 2022.2.2\bin;"/>
    <property name="jdk.debug" value="release"/>
    <property name="PROCESSOR_ARCHITECTURE" value="AMD64"/>
    <property name="java.vm.specification.name" value="Java Virtual Machine Specification"/>
    <property name="PATH+JDK" value="C:\Program Files\Java\jdk-17.0.4.1/bin"/>
    <property name="SESSIONNAME" value="Console"/>
    <property name="PROCESSOR_IDENTIFIER" value="Intel64 Family 6 Model 140 Stepping 1, GenuineIntel"/>
    <property name="java.vm.specification.version" value="17"/>
    <property name="M2_HOME" value="C:\Program Files\JetBrains\IntelliJ IDEA Community Edition 2022.2.2\plugins\maven\lib\maven3"/>
    <property name="sun.cpu.endian" value="little"/>
    <property name="sun.os.patch.level" value=""/>
    <property name="OS" value="Windows_NT"/>
    <property name="CI" value="true"/>
    <property name="java.io.tmpdir" value="C:\Users\barathia\AppData\Local\Temp\"/>
    <property name="HUDSON_HOME" value="C:\Users\barathia\.jenkins"/>
    <property name="PATH+MAVEN" value="C:\Program Files\JetBrains\IntelliJ IDEA Community Edition 2022.2.2\plugins\maven\lib\maven3/bin"/>
    <property name="ProgramFiles(x86)" value="C:\Program Files (x86)"/>
    <property name="java.vendor.url.bug" value="https://bugreport.java.com/bugreport/"/>
    <property name="BUILD_URL" value="http://localhost:8080/job/Cucumber%20Proj%20(Maven)/9/"/>
    <property name="SystemRoot" value="C:\Windows"/>
    <property name="os.arch" value="amd64"/>
    <property name="user.dir" value="C:\Users\barathia\IdeaProjects\tutorial-java-cucumber"/>
    <property name="JOB_URL" value="http://localhost:8080/job/Cucumber%20Proj%20(Maven)/"/>
    <property name="LOGONSERVER" value="\\LWS-SJC-DC"/>
    <property name="USERDOMAIN" value="GOLIGHTHOUSE"/>
    <property name="MAVEN_HOME" value="C:\Program Files\JetBrains\IntelliJ IDEA Community Edition 2022.2.2\plugins\maven\lib\maven3"/>
    <property name="line.separator" value="
"/>
    <property name="java.vm.name" value="Java HotSpot(TM) 64-Bit Server VM"/>
    <property name="BUILD_NUMBER" value="9"/>
    <property name="PROCESSOR_REVISION" value="8c01"/>
    <property name="JENKINS_URL" value="http://localhost:8080/"/>
    <property name="ProgramW6432" value="C:\Program Files"/>
    <property name="windir" value="C:\Windows"/>
    <property name="=C:" value="C:\Users\barathia\Downloads"/>
    <property name="file.encoding" value="Cp1252"/>
    <property name="SystemDrive" value="C:"/>
    <property name="maven3.interceptor" value="C:\Users\barathia\.jenkins\plugins\maven-plugin\WEB-INF\lib\maven35-interceptor-1.14.jar"/>
    <property name="WORKSPACE_TMP" value="C:\Users\barathia\.jenkins\workspace\Cucumber Proj (Maven)@tmp"/>
    <property name="WORKSPACE" value="C:\Users\barathia\.jenkins\workspace\Cucumber Proj (Maven)"/>
    <property name="maven3.interceptor.common" value="C:\Users\barathia\.jenkins\plugins\maven-plugin\WEB-INF\lib\maven3-interceptor-commons-1.14.jar"/>
    <property name="PSModulePath" value="C:\Program Files\WindowsPowerShell\Modules;C:\Windows\system32\WindowsPowerShell\v1.0\Modules"/>
    <property name="java.specification.version" value="17"/>
    <property name="DriverData" value="C:\Windows\System32\Drivers\DriverData"/>
  </properties>
  <testcase classname="As a user, I can add two numbers #1" name="simple integer addition" time="0.116"/>
  <testcase classname="As a user, I can add two numbers #2" name="negative integer addition" time="0.007">
    <failure message="expected:&lt;2&gt; but was:&lt;1&gt;" type="java.lang.AssertionError">java.lang.AssertionError: expected:&lt;2&gt; but was:&lt;1&gt;
	at org.junit.Assert.fail(Assert.java:89)
	at org.junit.Assert.failNotEquals(Assert.java:835)
	at org.junit.Assert.assertEquals(Assert.java:120)
	at org.junit.Assert.assertEquals(Assert.java:146)
	at calculator.StepDefinitions.the_result_should_be_on_the_screen(StepDefinitions.java:36)
	at ✽.the result should be 2 on the screen(classpath:calculator/1_CL-4.feature:9)
</failure>
    <system-out>
@REQ_CL-1 @TEST_CL-4
Scenario: negative integer addition           &amp;#27;[90m# calculator/1_CL-4.feature:5&amp;#27;[0m
  &amp;#27;[32mGiven &amp;#27;[0m&amp;#27;[32mI have entered &amp;#27;[0m&amp;#27;[32m&amp;#27;[1m-1&amp;#27;[0m&amp;#27;[32m into the calculator&amp;#27;[0m &amp;#27;[90m# calculator.StepDefinitions.i_have_entered_into_the_calculator(java.lang.Integer)&amp;#27;[0m
  &amp;#27;[32mAnd &amp;#27;[0m&amp;#27;[32mI have entered &amp;#27;[0m&amp;#27;[32m&amp;#27;[1m2&amp;#27;[0m&amp;#27;[32m into the calculator&amp;#27;[0m    &amp;#27;[90m# calculator.StepDefinitions.i_have_entered_into_the_calculator(java.lang.Integer)&amp;#27;[0m
  &amp;#27;[32mWhen &amp;#27;[0m&amp;#27;[32mI press add&amp;#27;[0m                            &amp;#27;[90m# calculator.StepDefinitions.i_press_add()&amp;#27;[0m
  &amp;#27;[31mThen &amp;#27;[0m&amp;#27;[31mthe result should be &amp;#27;[0m&amp;#27;[31m&amp;#27;[1m2&amp;#27;[0m&amp;#27;[31m on the screen&amp;#27;[0m   &amp;#27;[90m# calculator.StepDefinitions.the_result_should_be_on_the_screen(java.lang.Integer)&amp;#27;[0m
      &amp;#27;[31mjava.lang.AssertionError: expected:&lt;2&gt; but was:&lt;1&gt;
	at org.junit.Assert.fail(Assert.java:89)
	at org.junit.Assert.failNotEquals(Assert.java:835)
	at org.junit.Assert.assertEquals(Assert.java:120)
	at org.junit.Assert.assertEquals(Assert.java:146)
	at calculator.StepDefinitions.the_result_should_be_on_the_screen(StepDefinitions.java:36)
	at âœ½.the result should be 2 on the screen(classpath:calculator/1_CL-4.feature:9)
&amp;#27;[0m
</system-out>
  </testcase>
  <testcase classname="As a user, I can add two numbers #3" name="simple integer addition" time="0.005"/>
  <testcase classname="As a user, I can add two numbers #3" name="negative integer addition" time="0.003"/>
  <testcase classname="As a user, I can add two numbers #3" name="sum of two positive numbers #1" time="0.002"/>
  <testcase classname="As a user, I can add two numbers #3" name="sum of two positive numbers #2" time="0.003"/>
  <testcase classname="As a user, I can add two numbers #3" name="sum of two positive numbers #3" time="0.003"/>
  <testcase classname="As a user, I can add two numbers #3" name="sum of two positive numbers #4" time="0.003"/>
  <testcase classname="As a user, I can add two numbers #3" name="sum of two positive numbers #5" time="0.002"/>
  <testcase classname="As a user, I can multiply two numbers" name="simple integer multiplication" time="0.002"/>
</testsuite>